<?xml version="1.0" encoding="utf-8"?><testsuites name="pytest tests"><testsuite name="pytest" errors="0" failures="0" skipped="0" tests="13" time="2.011" timestamp="2026-09-07T16:08:41.232678+00:00" hostname="agent-env-70ff3c44-4aab-4da6-aba8-92c221a7ff9f"><testcase classname="tests.test_uncopyright_api" name="test_root" time="0.254" /><testcase classname="tests.test_uncopyright_api" name="test_authorities" time="0.080" /><testcase classname="tests.test_uncopyright_api" name="test_issues" time="0.070" /><testcase classname="tests.test_uncopyright_api" name="test_jurisdictions" time="0.069" /><testcase classname="tests.test_uncopyright_api" name="test_analysis_rules" time="0.074" /><testcase classname="tests.test_uncopyright_api" name="test_demo_sarah" time="0.074" /><testcase classname="tests.test_uncopyright_api" name="test_get_work_demo" time="0.072" /><testcase classname="tests.test_uncopyright_api" name="test_create_work" time="0.152" /><testcase classname="tests.test_uncopyright_api" name="test_create_work_invalid_type" time="0.070" /><testcase classname="tests.test_uncopyright_api" name="test_analyze_demo_21_results" time="0.087" /><testcase classname="tests.test_uncopyright_api" name="test_analyze_events_flow" time="0.247" /><testcase classname="tests.test_uncopyright_api" name="test_analyze_no_events" time="0.142" /><testcase classname="tests.test_uncopyright_api" name="test_analyze_invalid_jurisdiction" time="0.067" /></testsuite></testsuites>